


ARM Macro Assembler    Page 1 


    1 00000000         ;AREA FIR_Filter, CODE, READONLY
    2 00000000         
    3 00000000         ;EXPORT FIR_asm
    4 00000000         ; r0, input, r1, output, r2, size, r3, inputcoeffs
    5 00000000         
    6 00000000         ; r5, multiplications will accumulate here
    7 00000000         
    8 00000000         ;FIR_asm
    9 00000000         
   10 00000000         ;PUSH {lr}
   11 00000000         ;VLDR.F32 s6, [r3,#0] 
   12 00000000         ;VLDR.F32 s7, [r0,#0] 
   13 00000000         ;VFMA.F32 s5, s6, s7
   14 00000000         
   15 00000000         ;VLDR.F32 s6, [r3,#4] 
   16 00000000         ;VLDR.F32 s7, [r0,#4] 
   17 00000000         ;VFMA.F32 s5, s6, s7
   18 00000000         
   19 00000000         ;VLDR.F32 s6, [r3,#8] 
   20 00000000         ;VLDR.F32 s7, [r0,#8] 
   21 00000000         ;VFMA.F32 s5, s6, s7
   22 00000000         
   23 00000000         ;VLDR.F32 s6, [r3,#12] 
   24 00000000         ;VLDR.F32 s7, [r0,#12] 
   25 00000000         ;VFMA.F32 s5, s6, s7
   26 00000000         
   27 00000000         ;VLDR.F32 s6, [r3,#16] 
   28 00000000         ;VLDR.F32 s7, [r0,#16] 
   29 00000000         ;VFMA.F32 s5, s6, s7
   30 00000000         
   31 00000000         ;VSTR.F32 s5, [s1{,#0}]
   32 00000000         ;POP {lr}
   33 00000000         
   34 00000000         ;mov r8, #0
   35 00000000         
   36 00000000         
   37 00000000         ;bl loadnext
   38 00000000         ;bl loopA
   39 00000000         
   40 00000000         
   41 00000000         ;loadnext
   42 00000000         ;ldr r4, [r0,r8]
   43 00000000         ;ldr r5, [r3,r8]
   44 00000000         ;ldr r7, [r1,r8]
   45 00000000         ;mov PC, r14
   46 00000000         
   47 00000000         ;loopA
   48 00000000         ;mul r7, r4, r5
   49 00000000         ;cmp r8, #0
   50 00000000         ;beq first
   51 00000000         ;bne other
   52 00000000         
   53 00000000         ;first
   54 00000000         ;str r7, [r1,r8]
   55 00000000         ;add r8, r8, #4
   56 00000000         ;sub r2, r2, #1
   57 00000000         ;bl loadnext
   58 00000000         ;bl loopA
   59 00000000         ;other



ARM Macro Assembler    Page 2 


   60 00000000         ;sub r2, r2, #1
   61 00000000         ;sub r8, r8, #4
   62 00000000         ;ldr r4, [r1,r8]
   63 00000000         ;add r7, r7, r4
   64 00000000         ;add r8, r8, #4
   65 00000000         ;str r7, [r1,r8]
   66 00000000         ;add r8, r8, #4
   67 00000000         ;cmp r2, #0
   68 00000000         ;beq terminate
   69 00000000         ;bl loadnext
   70 00000000         ;bl loopA
   71 00000000         
   72 00000000         ;terminate
   73 00000000         ;POP {lr}
   74 00000000         
   75 00000000         ;END
                       
Command Line: --debug --xref --diag_suppress=9931 --cpu=Cortex-M4.fp --apcs=int
erwork --depend=.\objects\assembly.d -o.\objects\assembly.o -I"\vmware-host\Sha
red Folders\Desktop\Lab1_STM32F4Cube_Base_project\Lab1_STM32F4Cube_Base_project
\RTE\_Lab_1" -IC:\Keil_v5\ARM\PACK\ARM\CMSIS\5.0.0\CMSIS\Include -IC:\Keil_v5\A
RM\PACK\Keil\STM32F4xx_DFP\2.11.0\Drivers\CMSIS\Device\ST\STM32F4xx\Include --p
redefine="__EVAL SETA 1" --predefine="__UVISION_VERSION SETA 522" --predefine="
_RTE_ SETA 1" --predefine="STM32F407xx SETA 1" --list=.\listings\assembly.lst S
ources\Assembly.s
334 symbols in table
